<?xml version="1.0" encoding="utf-8"?><testsuites name="pytest tests"><testsuite name="pytest" errors="0" failures="0" skipped="0" tests="32" time="3.007" timestamp="2026-04-25T07:48:22.206068+00:00" hostname="agent-env-6c67de1b-3a61-4156-b7e9-478daa083a14"><testcase classname="backend.tests.test_petvilla_api.TestServices" name="test_list_services" time="0.228" /><testcase classname="backend.tests.test_petvilla_api.TestServices" name="test_get_service_detail" time="0.046" /><testcase classname="backend.tests.test_petvilla_api.TestServices" name="test_get_service_not_found" time="0.044" /><testcase classname="backend.tests.test_petvilla_api.TestReviews" name="test_list_reviews_only_visible_and_high_rating" time="0.048" /><testcase classname="backend.tests.test_petvilla_api.TestBusinessInfo" name="test_business_info_returns_real_data" time="0.043" /><testcase classname="backend.tests.test_petvilla_api.TestBlog" name="test_list_blogs_no_content" time="0.043" /><testcase classname="backend.tests.test_petvilla_api.TestBlog" name="test_get_blog_detail_has_content" time="0.088" /><testcase classname="backend.tests.test_petvilla_api.TestBlog" name="test_get_blog_not_found" time="0.044" /><testcase classname="backend.tests.test_petvilla_api.TestBookings" name="test_create_booking" time="0.044" /><testcase classname="backend.tests.test_petvilla_api.TestBookings" name="test_get_booking_persisted" time="0.047" /><testcase classname="backend.tests.test_petvilla_api.TestContact" name="test_create_contact" time="0.054" /><testcase classname="backend.tests.test_petvilla_api.TestAdminAuth" name="test_login_correct_password" time="0.054" /><testcase classname="backend.tests.test_petvilla_api.TestAdminAuth" name="test_login_wrong_password" time="0.042" /><testcase classname="backend.tests.test_petvilla_api.TestAdminAuth" name="test_admin_bookings_no_auth" time="0.050" /><testcase classname="backend.tests.test_petvilla_api.TestAdminAuth" name="test_admin_bookings_with_auth" time="0.213" /><testcase classname="backend.tests.test_petvilla_api.TestAdminAuth" name="test_admin_contacts_with_auth" time="0.047" /><testcase classname="backend.tests.test_petvilla_api.TestAdminAuth" name="test_admin_stats" time="0.049" /><testcase classname="backend.tests.test_petvilla_api.TestAdminBusinessInfo" name="test_put_business_info_requires_auth" time="0.043" /><testcase classname="backend.tests.test_petvilla_api.TestAdminBusinessInfo" name="test_put_business_info_updates_and_restores" time="0.221" /><testcase classname="backend.tests.test_petvilla_api.TestAdminReviewsCRUD" name="test_admin_list_reviews_includes_all" time="0.094" /><testcase classname="backend.tests.test_petvilla_api.TestAdminReviewsCRUD" name="test_admin_reviews_requires_auth" time="0.091" /><testcase classname="backend.tests.test_petvilla_api.TestAdminReviewsCRUD" name="test_create_review_invalid_rating" time="0.049" /><testcase classname="backend.tests.test_petvilla_api.TestAdminReviewsCRUD" name="test_low_rating_review_excluded_from_public" time="0.164" /><testcase classname="backend.tests.test_petvilla_api.TestAdminReviewsCRUD" name="test_hidden_review_excluded_from_public" time="0.139" /><testcase classname="backend.tests.test_petvilla_api.TestAdminReviewsCRUD" name="test_patch_review_toggles_visibility_and_text" time="0.226" /><testcase classname="backend.tests.test_petvilla_api.TestAdminReviewsCRUD" name="test_patch_review_not_found" time="0.047" /><testcase classname="backend.tests.test_petvilla_api.TestAdminReviewsCRUD" name="test_delete_review_not_found" time="0.047" /><testcase classname="backend.tests.test_petvilla_api.TestAdminReviewsCRUD" name="test_create_then_delete_review" time="0.149" /><testcase classname="backend.tests.test_petvilla_api.TestAdminBookingStatus" name="test_create_then_update_status" time="0.139" /><testcase classname="backend.tests.test_petvilla_api.TestAdminBookingStatus" name="test_invalid_status_rejected" time="0.087" /><testcase classname="backend.tests.test_petvilla_api.TestAdminBookingStatus" name="test_update_not_found" time="0.047" /><testcase classname="backend.tests.test_petvilla_api.TestAdminBookingStatus" name="test_filter_by_status" time="0.046" /></testsuite></testsuites>