<?xml version="1.0" encoding="utf-8"?><testsuites name="pytest tests"><testsuite name="pytest" errors="0" failures="0" skipped="0" tests="20" time="1.592" timestamp="2026-04-25T07:02:20.714676+00:00" hostname="agent-env-6c67de1b-3a61-4156-b7e9-478daa083a14"><testcase classname="backend.tests.test_petvilla_api.TestServices" name="test_list_services" time="0.223" /><testcase classname="backend.tests.test_petvilla_api.TestServices" name="test_get_service_detail" time="0.045" /><testcase classname="backend.tests.test_petvilla_api.TestServices" name="test_get_service_not_found" time="0.043" /><testcase classname="backend.tests.test_petvilla_api.TestReviews" name="test_list_reviews" time="0.045" /><testcase classname="backend.tests.test_petvilla_api.TestBlog" name="test_list_blogs_no_content" time="0.043" /><testcase classname="backend.tests.test_petvilla_api.TestBlog" name="test_get_blog_detail_has_content" time="0.087" /><testcase classname="backend.tests.test_petvilla_api.TestBlog" name="test_get_blog_not_found" time="0.042" /><testcase classname="backend.tests.test_petvilla_api.TestBookings" name="test_create_booking" time="0.059" /><testcase classname="backend.tests.test_petvilla_api.TestBookings" name="test_get_booking_persisted" time="0.044" /><testcase classname="backend.tests.test_petvilla_api.TestContact" name="test_create_contact" time="0.068" /><testcase classname="backend.tests.test_petvilla_api.TestAdminAuth" name="test_login_correct_password" time="0.043" /><testcase classname="backend.tests.test_petvilla_api.TestAdminAuth" name="test_login_wrong_password" time="0.043" /><testcase classname="backend.tests.test_petvilla_api.TestAdminAuth" name="test_admin_bookings_no_auth" time="0.049" /><testcase classname="backend.tests.test_petvilla_api.TestAdminAuth" name="test_admin_bookings_with_auth" time="0.146" /><testcase classname="backend.tests.test_petvilla_api.TestAdminAuth" name="test_admin_contacts_with_auth" time="0.046" /><testcase classname="backend.tests.test_petvilla_api.TestAdminAuth" name="test_admin_stats" time="0.048" /><testcase classname="backend.tests.test_petvilla_api.TestAdminBookingStatus" name="test_create_then_update_status" time="0.139" /><testcase classname="backend.tests.test_petvilla_api.TestAdminBookingStatus" name="test_invalid_status_rejected" time="0.087" /><testcase classname="backend.tests.test_petvilla_api.TestAdminBookingStatus" name="test_update_not_found" time="0.045" /><testcase classname="backend.tests.test_petvilla_api.TestAdminBookingStatus" name="test_filter_by_status" time="0.044" /></testsuite></testsuites>